4/12/2024 10:34:24 AM	This log contains information about the import schema operation into project 'VoterAppDB' on computer 'SHANEDESKTOP' by user 'seisc'.
4/12/2024 10:34:24 AM	Import of database schema has started.
4/12/2024 10:34:24 AM	Gathering error messages
4/12/2024 10:34:24 AM	Gathering cryptographic providers
4/12/2024 10:34:24 AM	Gathering credentials
4/12/2024 10:34:24 AM	Gathering logins
4/12/2024 10:34:24 AM	Gathering server roles
4/12/2024 10:34:24 AM	Gathering server role memberships
4/12/2024 10:34:24 AM	Gathering linked servers
4/12/2024 10:34:24 AM	Gathering linked server logins
4/12/2024 10:34:24 AM	Gathering routes
4/12/2024 10:34:24 AM	Gathering ddl triggers
4/12/2024 10:34:24 AM	Gathering encrypted and clr ddl triggers
4/12/2024 10:34:24 AM	Gathering event notifications
4/12/2024 10:34:24 AM	Gathering server audits
4/12/2024 10:34:24 AM	Gathering server audit specifications
4/12/2024 10:34:24 AM	Gathering event notifications
4/12/2024 10:34:26 AM	Gathering database credentials
4/12/2024 10:34:26 AM	Gathering database options
4/12/2024 10:34:26 AM	Gathering generic database scoped configuration option
4/12/2024 10:34:26 AM	Gathering users
4/12/2024 10:34:26 AM	Gathering roles
4/12/2024 10:34:26 AM	Gathering application roles
4/12/2024 10:34:26 AM	Gathering role memberships
4/12/2024 10:34:26 AM	Gathering filegroups
4/12/2024 10:34:26 AM	Gathering files
4/12/2024 10:34:26 AM	Gathering full-text catalogs
4/12/2024 10:34:26 AM	Gathering assemblies
4/12/2024 10:34:26 AM	Gathering certificates
4/12/2024 10:34:26 AM	Gathering asymmetric keys
4/12/2024 10:34:26 AM	Gathering symmetric keys
4/12/2024 10:34:26 AM	Gathering encrypted symmetric keys
4/12/2024 10:34:26 AM	Gathering database encryption keys
4/12/2024 10:34:26 AM	Gathering schemas
4/12/2024 10:34:26 AM	Gathering XML schema collections
4/12/2024 10:34:26 AM	Gathering user-defined data types
4/12/2024 10:34:26 AM	Gathering user-defined types
4/12/2024 10:34:27 AM	Gathering table types
4/12/2024 10:34:27 AM	Gathering unique keys for table types
4/12/2024 10:34:27 AM	Gathering primary keys for table types
4/12/2024 10:34:27 AM	Gathering indexes for table types
4/12/2024 10:34:27 AM	Gathering check constraints for table types
4/12/2024 10:34:27 AM	Gathering default constraints for table types
4/12/2024 10:34:27 AM	Gathering partition functions
4/12/2024 10:34:27 AM	Gathering partition schemes
4/12/2024 10:34:27 AM	Gathering functions
4/12/2024 10:34:27 AM	Gathering encrypted functions
4/12/2024 10:34:27 AM	Gathering aggregates
4/12/2024 10:34:27 AM	Gathering procedures
4/12/2024 10:34:27 AM	Gathering encrypted procedures
4/12/2024 10:34:27 AM	Gathering tables
4/12/2024 10:34:27 AM	Gathering primary keys
4/12/2024 10:34:27 AM	Gathering unique constraints
4/12/2024 10:34:27 AM	Gathering foreign keys
4/12/2024 10:34:27 AM	Gathering default constraints
4/12/2024 10:34:27 AM	Gathering check constraints
4/12/2024 10:34:27 AM	Gathering views
4/12/2024 10:34:27 AM	Gathering encrypted views
4/12/2024 10:34:27 AM	Gathering indexes
4/12/2024 10:34:27 AM	Gathering statistics
4/12/2024 10:34:27 AM	Gathering full-text index stoplists
4/12/2024 10:34:27 AM	Gathering search property lists
4/12/2024 10:34:27 AM	Gathering search properties
4/12/2024 10:34:27 AM	Gathering full-text indexes
4/12/2024 10:34:27 AM	Gathering column store indexes
4/12/2024 10:34:27 AM	Gathering spatial indexes
4/12/2024 10:34:27 AM	Gathering XML indexes
4/12/2024 10:34:27 AM	Gathering Selective XML indexes
4/12/2024 10:34:27 AM	Gathering encrypted triggers
4/12/2024 10:34:27 AM	Gathering triggers
4/12/2024 10:34:27 AM	Gathering encrypted and clr ddl triggers
4/12/2024 10:34:27 AM	Gathering ddl triggers
4/12/2024 10:34:27 AM	Creating edge constraints
4/12/2024 10:34:27 AM	Gathering synonyms
4/12/2024 10:34:27 AM	Gathering defaults
4/12/2024 10:34:27 AM	Gathering data constraint uddt bindings
4/12/2024 10:34:27 AM	Gathering rules
4/12/2024 10:34:27 AM	Gathering data constraint uddt bindings
4/12/2024 10:34:27 AM	Gathering message types
4/12/2024 10:34:27 AM	Gathering queues
4/12/2024 10:34:27 AM	Gathering contracts
4/12/2024 10:34:27 AM	Gathering services
4/12/2024 10:34:27 AM	Gathering routes
4/12/2024 10:34:27 AM	Gathering event notifications
4/12/2024 10:34:27 AM	Gathering remote service bindings
4/12/2024 10:34:27 AM	Gathering broker priorities
4/12/2024 10:34:27 AM	Gathering database audit specifications
4/12/2024 10:34:27 AM	Gathering signatures
4/12/2024 10:34:27 AM	Gathering compression options
4/12/2024 10:34:27 AM	Gathering sequence types
4/12/2024 10:34:27 AM	Gathering security policies
4/12/2024 10:34:27 AM	Gather column encryption keys
4/12/2024 10:34:27 AM	Gathering column master keys
4/12/2024 10:34:27 AM	Gathering external data sources
4/12/2024 10:34:27 AM	Gathering external file formats
4/12/2024 10:34:27 AM	Gathering external tables
4/12/2024 10:34:27 AM	Gathering extended properties
4/12/2024 10:34:28 AM	Gathering assemblies
4/12/2024 10:34:28 AM	Scanning project for duplicate elements
4/12/2024 10:34:28 AM	Finished duplicate element processing
4/12/2024 10:34:29 AM	Finished importing database.
4/12/2024 10:34:29 AM	A summary of the import was saved to the following location: C:\Users\seisc\Source\Repos\capstone_project\VoterAppDB\Import Schema Logs\VoterAppDB_20240412033424.log
4/12/2024 10:34:29 AM	Click Finish to continue...
